0 info it worked if it ends with ok
1 verbose cli [ 'D:\\Program Files\\nodejs\\node.exe',
1 verbose cli   'C:\\Users\\wujingwen\\AppData\\Roaming\\npm\\node_modules\\cnpm\\node_modules\\npm\\bin\\npm-cli.js',
1 verbose cli   '--userconfig=C:\\Users\\wujingwen\\.cnpmrc',
1 verbose cli   '--disturl=https://npm.taobao.org/mirrors/node',
1 verbose cli   '--registry=https://registry.npm.taobao.org',
1 verbose cli   'run',
1 verbose cli   'dev' ]
2 info using npm@3.10.10
3 info using node@v6.9.4
4 verbose run-script [ 'predev', 'dev', 'postdev' ]
5 info lifecycle WJW@1.0.0~predev: WJW@1.0.0
6 silly lifecycle WJW@1.0.0~predev: no script for predev, continuing
7 info lifecycle WJW@1.0.0~dev: WJW@1.0.0
8 verbose lifecycle WJW@1.0.0~dev: unsafe-perm in lifecycle true
9 verbose lifecycle WJW@1.0.0~dev: PATH: C:\Users\wujingwen\AppData\Roaming\npm\node_modules\cnpm\node_modules\npm\bin\node-gyp-bin;E:\workSpace\web-source\exchange_fe\node_modules\.bin;C:\ProgramData\Oracle\Java\javapath;C:\Windows\system32;C:\Windows;C:\Windows\System32\Wbem;C:\Windows\System32\WindowsPowerShell\v1.0\;C:\Program Files (x86)\NVIDIA Corporation\PhysX\Common;C:\WINDOWS\system32;C:\WINDOWS;C:\WINDOWS\System32\Wbem;C:\WINDOWS\System32\WindowsPowerShell\v1.0\;C:\Program Files (x86)\Microsoft SQL Server\100\Tools\Binn\;C:\Program Files\Microsoft SQL Server\100\Tools\Binn\;C:\Program Files\Microsoft SQL Server\100\DTS\Binn\;C:\Program Files (x86)\Java\jdk1.8.0_91\bin;C:\Program Files (x86)\Java\jdk1.8.0_91\jre\bin;D:\Program Files\nodejs\;D:\Program Files\Java\jdk1.8.0_31\bin;D:\aboutcodorva\adt20160717\adt\sdk\tools;D:\aboutcodorva\adt20160717\adt\sdk\platform-tools;D:\aboutcodorva\adt20160717\adt\eclipse\plugins\org.apache.ant_1.8.3.v201301120609\bin;C:\Program Files\Git\cmd;C:\Program Files\TortoiseSVN\bin;C:\Users\wujingwen\AppData\Local\Microsoft\WindowsApps;C:\Users\wujingwen\AppData\Roaming\npm;d:\Program Files\Microsoft VS Code\bin
10 verbose lifecycle WJW@1.0.0~dev: CWD: E:\workSpace\web-source\exchange_fe
11 silly lifecycle WJW@1.0.0~dev: Args: [ '/d /s /c', 'node build/dev-server.js' ]
12 silly lifecycle WJW@1.0.0~dev: Returned: code: 3221225786  signal: null
13 info lifecycle WJW@1.0.0~dev: Failed to exec dev script
14 verbose stack Error: WJW@1.0.0 dev: `node build/dev-server.js`
14 verbose stack Exit status 3221225786
14 verbose stack     at EventEmitter.<anonymous> (C:\Users\wujingwen\AppData\Roaming\npm\node_modules\cnpm\node_modules\npm\lib\utils\lifecycle.js:255:16)
14 verbose stack     at emitTwo (events.js:106:13)
14 verbose stack     at EventEmitter.emit (events.js:191:7)
14 verbose stack     at ChildProcess.<anonymous> (C:\Users\wujingwen\AppData\Roaming\npm\node_modules\cnpm\node_modules\npm\lib\utils\spawn.js:40:14)
14 verbose stack     at emitTwo (events.js:106:13)
14 verbose stack     at ChildProcess.emit (events.js:191:7)
14 verbose stack     at maybeClose (internal/child_process.js:877:16)
14 verbose stack     at Process.ChildProcess._handle.onexit (internal/child_process.js:226:5)
15 verbose pkgid WJW@1.0.0
16 verbose cwd E:\workSpace\web-source\exchange_fe
17 error Windows_NT 10.0.14393
18 error argv "D:\\Program Files\\nodejs\\node.exe" "C:\\Users\\wujingwen\\AppData\\Roaming\\npm\\node_modules\\cnpm\\node_modules\\npm\\bin\\npm-cli.js" "--userconfig=C:\\Users\\wujingwen\\.cnpmrc" "--disturl=https://npm.taobao.org/mirrors/node" "--registry=https://registry.npm.taobao.org" "run" "dev"
19 error node v6.9.4
20 error npm  v3.10.10
21 error code ELIFECYCLE
22 error WJW@1.0.0 dev: `node build/dev-server.js`
22 error Exit status 3221225786
23 error Failed at the WJW@1.0.0 dev script 'node build/dev-server.js'.
23 error Make sure you have the latest version of node.js and npm installed.
23 error If you do, this is most likely a problem with the WJW package,
23 error not with npm itself.
23 error Tell the author that this fails on your system:
23 error     node build/dev-server.js
23 error You can get information on how to open an issue for this project with:
23 error     npm bugs WJW
23 error Or if that isn't available, you can get their info via:
23 error     npm owner ls WJW
23 error There is likely additional logging output above.
24 verbose exit [ 1, true ]
